<?xml version="1.0" encoding="UTF-8"?>
<testsuite xmlns:xsi="http://www.w3.org/2001/XMLSchema-instance" xsi:noNamespaceSchemaLocation="https://maven.apache.org/surefire/maven-surefire-plugin/xsd/surefire-test-report.xsd" name="com.demo.flight.FlightNumberValidator.AppTest" time="0.044" tests="1" errors="0" skipped="0" failures="0">
  <properties>
    <property name="sun.desktop" value="windows"/>
    <property name="awt.toolkit" value="sun.awt.windows.WToolkit"/>
    <property name="file.encoding.pkg" value="sun.io"/>
    <property name="java.specification.version" value="1.8"/>
    <property name="sun.cpu.isalist" value="amd64"/>
    <property name="sun.jnu.encoding" value="Cp1252"/>
    <property name="java.class.path" value="C:\Saket\AWS\Lambda\stepfunctionworkspace\JavaFlightMsgProcessing\FlightNumberValidator\target\test-classes;C:\Saket\AWS\Lambda\stepfunctionworkspace\JavaFlightMsgProcessing\FlightNumberValidator\target\classes;C:\Users\SaketKashyap\.m2\repository\com\amazonaws\aws-lambda-java-core\1.2.1\aws-lambda-java-core-1.2.1.jar;C:\Users\SaketKashyap\.m2\repository\com\amazonaws\aws-lambda-java-events\3.1.0\aws-lambda-java-events-3.1.0.jar;C:\Users\SaketKashyap\.m2\repository\joda-time\joda-time\2.6\joda-time-2.6.jar;C:\Users\SaketKashyap\.m2\repository\org\projectlombok\lombok\1.18.16\lombok-1.18.16.jar;C:\Users\SaketKashyap\.m2\repository\org\apache\logging\log4j\log4j-slf4j18-impl\2.13.0\log4j-slf4j18-impl-2.13.0.jar;C:\Users\SaketKashyap\.m2\repository\org\slf4j\slf4j-api\1.8.0-alpha2\slf4j-api-1.8.0-alpha2.jar;C:\Users\SaketKashyap\.m2\repository\org\apache\logging\log4j\log4j-api\2.13.0\log4j-api-2.13.0.jar;C:\Users\SaketKashyap\.m2\repository\com\amazonaws\aws-lambda-java-log4j2\1.2.0\aws-lambda-java-log4j2-1.2.0.jar;C:\Users\SaketKashyap\.m2\repository\org\apache\logging\log4j\log4j-core\2.13.2\log4j-core-2.13.2.jar;C:\Users\SaketKashyap\.m2\repository\software\amazon\awssdk\lambda\2.10.73\lambda-2.10.73.jar;C:\Users\SaketKashyap\.m2\repository\software\amazon\awssdk\aws-json-protocol\2.10.73\aws-json-protocol-2.10.73.jar;C:\Users\SaketKashyap\.m2\repository\software\amazon\awssdk\protocol-core\2.10.73\protocol-core-2.10.73.jar;C:\Users\SaketKashyap\.m2\repository\software\amazon\awssdk\auth\2.10.73\auth-2.10.73.jar;C:\Users\SaketKashyap\.m2\repository\software\amazon\eventstream\eventstream\1.0.1\eventstream-1.0.1.jar;C:\Users\SaketKashyap\.m2\repository\software\amazon\awssdk\http-client-spi\2.10.73\http-client-spi-2.10.73.jar;C:\Users\SaketKashyap\.m2\repository\software\amazon\awssdk\regions\2.10.73\regions-2.10.73.jar;C:\Users\SaketKashyap\.m2\repository\software\amazon\awssdk\annotations\2.10.73\annotations-2.10.73.jar;C:\Users\SaketKashyap\.m2\repository\software\amazon\awssdk\utils\2.10.73\utils-2.10.73.jar;C:\Users\SaketKashyap\.m2\repository\software\amazon\awssdk\aws-core\2.10.73\aws-core-2.10.73.jar;C:\Users\SaketKashyap\.m2\repository\software\amazon\awssdk\apache-client\2.10.73\apache-client-2.10.73.jar;C:\Users\SaketKashyap\.m2\repository\org\apache\httpcomponents\httpclient\4.5.9\httpclient-4.5.9.jar;C:\Users\SaketKashyap\.m2\repository\commons-logging\commons-logging\1.2\commons-logging-1.2.jar;C:\Users\SaketKashyap\.m2\repository\commons-codec\commons-codec\1.11\commons-codec-1.11.jar;C:\Users\SaketKashyap\.m2\repository\org\apache\httpcomponents\httpcore\4.4.11\httpcore-4.4.11.jar;C:\Users\SaketKashyap\.m2\repository\software\amazon\awssdk\netty-nio-client\2.10.73\netty-nio-client-2.10.73.jar;C:\Users\SaketKashyap\.m2\repository\io\netty\netty-codec-http\4.1.42.Final\netty-codec-http-4.1.42.Final.jar;C:\Users\SaketKashyap\.m2\repository\io\netty\netty-codec-http2\4.1.42.Final\netty-codec-http2-4.1.42.Final.jar;C:\Users\SaketKashyap\.m2\repository\io\netty\netty-codec\4.1.42.Final\netty-codec-4.1.42.Final.jar;C:\Users\SaketKashyap\.m2\repository\io\netty\netty-transport\4.1.42.Final\netty-transport-4.1.42.Final.jar;C:\Users\SaketKashyap\.m2\repository\io\netty\netty-resolver\4.1.42.Final\netty-resolver-4.1.42.Final.jar;C:\Users\SaketKashyap\.m2\repository\io\netty\netty-common\4.1.42.Final\netty-common-4.1.42.Final.jar;C:\Users\SaketKashyap\.m2\repository\io\netty\netty-buffer\4.1.42.Final\netty-buffer-4.1.42.Final.jar;C:\Users\SaketKashyap\.m2\repository\io\netty\netty-handler\4.1.42.Final\netty-handler-4.1.42.Final.jar;C:\Users\SaketKashyap\.m2\repository\io\netty\netty-transport-native-epoll\4.1.42.Final\netty-transport-native-epoll-4.1.42.Final-linux-x86_64.jar;C:\Users\SaketKashyap\.m2\repository\io\netty\netty-transport-native-unix-common\4.1.42.Final\netty-transport-native-unix-common-4.1.42.Final.jar;C:\Users\SaketKashyap\.m2\repository\com\typesafe\netty\netty-reactive-streams-http\2.0.4\netty-reactive-streams-http-2.0.4.jar;C:\Users\SaketKashyap\.m2\repository\com\typesafe\netty\netty-reactive-streams\2.0.4\netty-reactive-streams-2.0.4.jar;C:\Users\SaketKashyap\.m2\repository\com\demo\flight\FlightDomain\0.0.1-SNAPSHOT\FlightDomain-0.0.1-SNAPSHOT.jar;C:\Users\SaketKashyap\.m2\repository\junit\junit\3.8.1\junit-3.8.1.jar;C:\Users\SaketKashyap\.m2\repository\software\amazon\awssdk\sdk-core\2.16.14\sdk-core-2.16.14.jar;C:\Users\SaketKashyap\.m2\repository\software\amazon\awssdk\metrics-spi\2.16.14\metrics-spi-2.16.14.jar;C:\Users\SaketKashyap\.m2\repository\software\amazon\awssdk\profiles\2.16.14\profiles-2.16.14.jar;C:\Users\SaketKashyap\.m2\repository\com\fasterxml\jackson\core\jackson-core\2.12.1\jackson-core-2.12.1.jar;C:\Users\SaketKashyap\.m2\repository\com\fasterxml\jackson\core\jackson-databind\2.12.1\jackson-databind-2.12.1.jar;C:\Users\SaketKashyap\.m2\repository\org\reactivestreams\reactive-streams\1.0.2\reactive-streams-1.0.2.jar;C:\Users\SaketKashyap\.m2\repository\com\fasterxml\jackson\core\jackson-annotations\2.12.2\jackson-annotations-2.12.2.jar;C:\Users\SaketKashyap\.m2\repository\com\squareup\retrofit2\retrofit\2.7.2\retrofit-2.7.2.jar;C:\Users\SaketKashyap\.m2\repository\com\squareup\okhttp3\okhttp\3.14.7\okhttp-3.14.7.jar;C:\Users\SaketKashyap\.m2\repository\com\squareup\okio\okio\1.17.2\okio-1.17.2.jar;C:\Users\SaketKashyap\.m2\repository\com\squareup\retrofit2\converter-jackson\2.7.2\converter-jackson-2.7.2.jar;"/>
    <property name="java.vm.vendor" value="Oracle Corporation"/>
    <property name="sun.arch.data.model" value="64"/>
    <property name="user.variant" value=""/>
    <property name="java.vendor.url" value="http://java.oracle.com/"/>
    <property name="user.timezone" value="Asia/Calcutta"/>
    <property name="java.vm.specification.version" value="1.8"/>
    <property name="os.name" value="Windows 10"/>
    <property name="user.country" value="IN"/>
    <property name="sun.java.launcher" value="SUN_STANDARD"/>
    <property name="sun.boot.library.path" value="C:\Program Files\Java\jdk1.8.0_202\jre\bin"/>
    <property name="sun.java.command" value="C:\Users\SAKETK~1\AppData\Local\Temp\surefire6502693514500321386\surefirebooter8792778728625061480.jar C:\Users\SaketKashyap\AppData\Local\Temp\surefire6502693514500321386 2021-03-10T16-48-59_834-jvmRun1 surefire7003290237844038070tmp surefire_0464403980044070587tmp"/>
    <property name="surefire.test.class.path" value="C:\Saket\AWS\Lambda\stepfunctionworkspace\JavaFlightMsgProcessing\FlightNumberValidator\target\test-classes;C:\Saket\AWS\Lambda\stepfunctionworkspace\JavaFlightMsgProcessing\FlightNumberValidator\target\classes;C:\Users\SaketKashyap\.m2\repository\com\amazonaws\aws-lambda-java-core\1.2.1\aws-lambda-java-core-1.2.1.jar;C:\Users\SaketKashyap\.m2\repository\com\amazonaws\aws-lambda-java-events\3.1.0\aws-lambda-java-events-3.1.0.jar;C:\Users\SaketKashyap\.m2\repository\joda-time\joda-time\2.6\joda-time-2.6.jar;C:\Users\SaketKashyap\.m2\repository\org\projectlombok\lombok\1.18.16\lombok-1.18.16.jar;C:\Users\SaketKashyap\.m2\repository\org\apache\logging\log4j\log4j-slf4j18-impl\2.13.0\log4j-slf4j18-impl-2.13.0.jar;C:\Users\SaketKashyap\.m2\repository\org\slf4j\slf4j-api\1.8.0-alpha2\slf4j-api-1.8.0-alpha2.jar;C:\Users\SaketKashyap\.m2\repository\org\apache\logging\log4j\log4j-api\2.13.0\log4j-api-2.13.0.jar;C:\Users\SaketKashyap\.m2\repository\com\amazonaws\aws-lambda-java-log4j2\1.2.0\aws-lambda-java-log4j2-1.2.0.jar;C:\Users\SaketKashyap\.m2\repository\org\apache\logging\log4j\log4j-core\2.13.2\log4j-core-2.13.2.jar;C:\Users\SaketKashyap\.m2\repository\software\amazon\awssdk\lambda\2.10.73\lambda-2.10.73.jar;C:\Users\SaketKashyap\.m2\repository\software\amazon\awssdk\aws-json-protocol\2.10.73\aws-json-protocol-2.10.73.jar;C:\Users\SaketKashyap\.m2\repository\software\amazon\awssdk\protocol-core\2.10.73\protocol-core-2.10.73.jar;C:\Users\SaketKashyap\.m2\repository\software\amazon\awssdk\auth\2.10.73\auth-2.10.73.jar;C:\Users\SaketKashyap\.m2\repository\software\amazon\eventstream\eventstream\1.0.1\eventstream-1.0.1.jar;C:\Users\SaketKashyap\.m2\repository\software\amazon\awssdk\http-client-spi\2.10.73\http-client-spi-2.10.73.jar;C:\Users\SaketKashyap\.m2\repository\software\amazon\awssdk\regions\2.10.73\regions-2.10.73.jar;C:\Users\SaketKashyap\.m2\repository\software\amazon\awssdk\annotations\2.10.73\annotations-2.10.73.jar;C:\Users\SaketKashyap\.m2\repository\software\amazon\awssdk\utils\2.10.73\utils-2.10.73.jar;C:\Users\SaketKashyap\.m2\repository\software\amazon\awssdk\aws-core\2.10.73\aws-core-2.10.73.jar;C:\Users\SaketKashyap\.m2\repository\software\amazon\awssdk\apache-client\2.10.73\apache-client-2.10.73.jar;C:\Users\SaketKashyap\.m2\repository\org\apache\httpcomponents\httpclient\4.5.9\httpclient-4.5.9.jar;C:\Users\SaketKashyap\.m2\repository\commons-logging\commons-logging\1.2\commons-logging-1.2.jar;C:\Users\SaketKashyap\.m2\repository\commons-codec\commons-codec\1.11\commons-codec-1.11.jar;C:\Users\SaketKashyap\.m2\repository\org\apache\httpcomponents\httpcore\4.4.11\httpcore-4.4.11.jar;C:\Users\SaketKashyap\.m2\repository\software\amazon\awssdk\netty-nio-client\2.10.73\netty-nio-client-2.10.73.jar;C:\Users\SaketKashyap\.m2\repository\io\netty\netty-codec-http\4.1.42.Final\netty-codec-http-4.1.42.Final.jar;C:\Users\SaketKashyap\.m2\repository\io\netty\netty-codec-http2\4.1.42.Final\netty-codec-http2-4.1.42.Final.jar;C:\Users\SaketKashyap\.m2\repository\io\netty\netty-codec\4.1.42.Final\netty-codec-4.1.42.Final.jar;C:\Users\SaketKashyap\.m2\repository\io\netty\netty-transport\4.1.42.Final\netty-transport-4.1.42.Final.jar;C:\Users\SaketKashyap\.m2\repository\io\netty\netty-resolver\4.1.42.Final\netty-resolver-4.1.42.Final.jar;C:\Users\SaketKashyap\.m2\repository\io\netty\netty-common\4.1.42.Final\netty-common-4.1.42.Final.jar;C:\Users\SaketKashyap\.m2\repository\io\netty\netty-buffer\4.1.42.Final\netty-buffer-4.1.42.Final.jar;C:\Users\SaketKashyap\.m2\repository\io\netty\netty-handler\4.1.42.Final\netty-handler-4.1.42.Final.jar;C:\Users\SaketKashyap\.m2\repository\io\netty\netty-transport-native-epoll\4.1.42.Final\netty-transport-native-epoll-4.1.42.Final-linux-x86_64.jar;C:\Users\SaketKashyap\.m2\repository\io\netty\netty-transport-native-unix-common\4.1.42.Final\netty-transport-native-unix-common-4.1.42.Final.jar;C:\Users\SaketKashyap\.m2\repository\com\typesafe\netty\netty-reactive-streams-http\2.0.4\netty-reactive-streams-http-2.0.4.jar;C:\Users\SaketKashyap\.m2\repository\com\typesafe\netty\netty-reactive-streams\2.0.4\netty-reactive-streams-2.0.4.jar;C:\Users\SaketKashyap\.m2\repository\com\demo\flight\FlightDomain\0.0.1-SNAPSHOT\FlightDomain-0.0.1-SNAPSHOT.jar;C:\Users\SaketKashyap\.m2\repository\junit\junit\3.8.1\junit-3.8.1.jar;C:\Users\SaketKashyap\.m2\repository\software\amazon\awssdk\sdk-core\2.16.14\sdk-core-2.16.14.jar;C:\Users\SaketKashyap\.m2\repository\software\amazon\awssdk\metrics-spi\2.16.14\metrics-spi-2.16.14.jar;C:\Users\SaketKashyap\.m2\repository\software\amazon\awssdk\profiles\2.16.14\profiles-2.16.14.jar;C:\Users\SaketKashyap\.m2\repository\com\fasterxml\jackson\core\jackson-core\2.12.1\jackson-core-2.12.1.jar;C:\Users\SaketKashyap\.m2\repository\com\fasterxml\jackson\core\jackson-databind\2.12.1\jackson-databind-2.12.1.jar;C:\Users\SaketKashyap\.m2\repository\org\reactivestreams\reactive-streams\1.0.2\reactive-streams-1.0.2.jar;C:\Users\SaketKashyap\.m2\repository\com\fasterxml\jackson\core\jackson-annotations\2.12.2\jackson-annotations-2.12.2.jar;C:\Users\SaketKashyap\.m2\repository\com\squareup\retrofit2\retrofit\2.7.2\retrofit-2.7.2.jar;C:\Users\SaketKashyap\.m2\repository\com\squareup\okhttp3\okhttp\3.14.7\okhttp-3.14.7.jar;C:\Users\SaketKashyap\.m2\repository\com\squareup\okio\okio\1.17.2\okio-1.17.2.jar;C:\Users\SaketKashyap\.m2\repository\com\squareup\retrofit2\converter-jackson\2.7.2\converter-jackson-2.7.2.jar;"/>
    <property name="sun.cpu.endian" value="little"/>
    <property name="user.home" value="C:\Users\SaketKashyap"/>
    <property name="user.language" value="en"/>
    <property name="java.specification.vendor" value="Oracle Corporation"/>
    <property name="java.home" value="C:\Program Files\Java\jdk1.8.0_202\jre"/>
    <property name="basedir" value="C:\Saket\AWS\Lambda\stepfunctionworkspace\JavaFlightMsgProcessing\FlightNumberValidator"/>
    <property name="style.color" value="always"/>
    <property name="file.separator" value="\"/>
    <property name="line.separator" value="&#10;"/>
    <property name="java.vm.specification.vendor" value="Oracle Corporation"/>
    <property name="java.specification.name" value="Java Platform API Specification"/>
    <property name="java.awt.graphicsenv" value="sun.awt.Win32GraphicsEnvironment"/>
    <property name="surefire.real.class.path" value="C:\Users\SAKETK~1\AppData\Local\Temp\surefire6502693514500321386\surefirebooter8792778728625061480.jar"/>
    <property name="sun.boot.class.path" value="C:\Program Files\Java\jdk1.8.0_202\jre\lib\resources.jar;C:\Program Files\Java\jdk1.8.0_202\jre\lib\rt.jar;C:\Program Files\Java\jdk1.8.0_202\jre\lib\sunrsasign.jar;C:\Program Files\Java\jdk1.8.0_202\jre\lib\jsse.jar;C:\Program Files\Java\jdk1.8.0_202\jre\lib\jce.jar;C:\Program Files\Java\jdk1.8.0_202\jre\lib\charsets.jar;C:\Program Files\Java\jdk1.8.0_202\jre\lib\jfr.jar;C:\Program Files\Java\jdk1.8.0_202\jre\classes"/>
    <property name="user.script" value=""/>
    <property name="sun.management.compiler" value="HotSpot 64-Bit Tiered Compilers"/>
    <property name="java.runtime.version" value="1.8.0_202-b08"/>
    <property name="user.name" value="SaketKashyap"/>
    <property name="path.separator" value=";"/>
    <property name="os.version" value="10.0"/>
    <property name="java.endorsed.dirs" value="C:\Program Files\Java\jdk1.8.0_202\jre\lib\endorsed"/>
    <property name="java.runtime.name" value="Java(TM) SE Runtime Environment"/>
    <property name="file.encoding" value="Cp1252"/>
    <property name="java.vm.name" value="Java HotSpot(TM) 64-Bit Server VM"/>
    <property name="localRepository" value="C:\Users\SaketKashyap\.m2\repository"/>
    <property name="java.vendor.url.bug" value="http://bugreport.sun.com/bugreport/"/>
    <property name="java.io.tmpdir" value="C:\Users\SAKETK~1\AppData\Local\Temp\"/>
    <property name="java.version" value="1.8.0_202"/>
    <property name="user.dir" value="C:\Saket\AWS\Lambda\stepfunctionworkspace\JavaFlightMsgProcessing\FlightNumberValidator"/>
    <property name="os.arch" value="amd64"/>
    <property name="java.vm.specification.name" value="Java Virtual Machine Specification"/>
    <property name="java.awt.printerjob" value="sun.awt.windows.WPrinterJob"/>
    <property name="sun.os.patch.level" value=""/>
    <property name="java.library.path" value="C:\Program Files\Java\jdk1.8.0_202\jre\bin;C:\WINDOWS\Sun\Java\bin;C:\WINDOWS\system32;C:\WINDOWS;C:/Program Files/Java/jre1.8.0_202/bin/server;C:/Program Files/Java/jre1.8.0_202/bin;C:/Program Files/Java/jre1.8.0_202/lib/amd64;C:\Program Files (x86)\Common Files\Oracle\Java\javapath;C:\WINDOWS\system32;C:\WINDOWS;C:\WINDOWS\System32\Wbem;C:\WINDOWS\System32\WindowsPowerShell\v1.0\;C:\WINDOWS\System32\OpenSSH\;C:\Program Files\Java\jdk1.8.0_202\bin;C:\Saket\Installables\gradle-5.6.4\bin;C:\ProgramData\chocolatey\bin;C:\Saket\Kubernetes\Installables\kubectl;C:\Program Files\Git\cmd;C:\Program Files\Docker\Docker\resources\bin;C:\ProgramData\DockerDesktop\version-bin;C:\Program Files (x86)\Intel\Intel(R) Management Engine Components\DAL;C:\Program Files\Intel\Intel(R) Management Engine Components\DAL;C:\Program Files\Amazon\AWSCLIV2\;C:\Program Files (x86)\PuTTY\;C:\Saket\Installables\apache-maven-3.6.3\bin;C:\Program Files\Amazon\AWSSAMCLI\bin\;C:\Program Files\nodejs\;C:\Users\SaketKashyap\AppData\Local\Microsoft\WindowsApps;;C:\Users\SaketKashyap\AppData\Local\Programs\Microsoft VS Code\bin;C:\Users\SaketKashyap\AppData\Roaming\npm;C:\Saket\Installables\sts-4.2.1.RELEASE;;."/>
    <property name="java.vm.info" value="mixed mode"/>
    <property name="java.vendor" value="Oracle Corporation"/>
    <property name="java.vm.version" value="25.202-b08"/>
    <property name="java.ext.dirs" value="C:\Program Files\Java\jdk1.8.0_202\jre\lib\ext;C:\WINDOWS\Sun\Java\lib\ext"/>
    <property name="sun.io.unicode.encoding" value="UnicodeLittle"/>
    <property name="java.class.version" value="52.0"/>
  </properties>
  <testcase name="testApp" classname="com.demo.flight.FlightNumberValidator.AppTest" time="0.002"/>
</testsuite>